2025-01-12T12:32:54.216-05:00  INFO 22956 --- [Catalogo] [main] Catalogo.Catalogo.CatalogoApplication    : Starting CatalogoApplication using Java 17.0.13 with PID 22956 (D:\Taller de desarrollo\Proyecto Grupo 3\Grupo3\Catalogo\target\classes started by userr in D:\Taller de desarrollo\Proyecto Grupo 3\Grupo3)
2025-01-12T12:32:54.233-05:00  INFO 22956 --- [Catalogo] [main] Catalogo.Catalogo.CatalogoApplication    : No active profile set, falling back to 1 default profile: "default"
2025-01-12T12:32:55.734-05:00  INFO 22956 --- [Catalogo] [main] .s.d.r.c.RepositoryConfigurationDelegate : Multiple Spring Data modules found, entering strict repository configuration mode
2025-01-12T12:32:55.737-05:00  INFO 22956 --- [Catalogo] [main] .s.d.r.c.RepositoryConfigurationDelegate : Bootstrapping Spring Data JPA repositories in DEFAULT mode.
2025-01-12T12:32:56.044-05:00  INFO 22956 --- [Catalogo] [main] .s.d.r.c.RepositoryConfigurationDelegate : Finished Spring Data repository scanning in 282 ms. Found 1 JPA repository interface.
2025-01-12T12:32:56.080-05:00  INFO 22956 --- [Catalogo] [main] .s.d.r.c.RepositoryConfigurationDelegate : Multiple Spring Data modules found, entering strict repository configuration mode
2025-01-12T12:32:56.084-05:00  INFO 22956 --- [Catalogo] [main] .s.d.r.c.RepositoryConfigurationDelegate : Bootstrapping Spring Data Redis repositories in DEFAULT mode.
2025-01-12T12:32:56.114-05:00  INFO 22956 --- [Catalogo] [main] .RepositoryConfigurationExtensionSupport : Spring Data Redis - Could not safely identify store assignment for repository candidate interface Catalogo.Catalogo.repository.ICatalogoRepository; If you want this repository to be a Redis repository, consider annotating your entities with one of these annotations: org.springframework.data.redis.core.RedisHash (preferred), or consider extending one of the following types with your repository: org.springframework.data.keyvalue.repository.KeyValueRepository
2025-01-12T12:32:56.115-05:00  INFO 22956 --- [Catalogo] [main] .s.d.r.c.RepositoryConfigurationDelegate : Finished Spring Data repository scanning in 8 ms. Found 0 Redis repository interfaces.
2025-01-12T12:32:57.381-05:00  INFO 22956 --- [Catalogo] [main] o.s.b.w.embedded.tomcat.TomcatWebServer  : Tomcat initialized with port 8095 (http)
2025-01-12T12:32:57.404-05:00  INFO 22956 --- [Catalogo] [main] o.apache.catalina.core.StandardService   : Starting service [Tomcat]
2025-01-12T12:32:57.405-05:00  INFO 22956 --- [Catalogo] [main] o.apache.catalina.core.StandardEngine    : Starting Servlet engine: [Apache Tomcat/10.1.33]
2025-01-12T12:32:57.512-05:00  INFO 22956 --- [Catalogo] [main] o.a.c.c.C.[Tomcat].[localhost].[/]       : Initializing Spring embedded WebApplicationContext
2025-01-12T12:32:57.513-05:00  INFO 22956 --- [Catalogo] [main] w.s.c.ServletWebServerApplicationContext : Root WebApplicationContext: initialization completed in 3170 ms
2025-01-12T12:32:58.248-05:00  INFO 22956 --- [Catalogo] [main] o.hibernate.jpa.internal.util.LogHelper  : HHH000204: Processing PersistenceUnitInfo [name: default]
2025-01-12T12:32:58.419-05:00  INFO 22956 --- [Catalogo] [main] org.hibernate.Version                    : HHH000412: Hibernate ORM core version 6.6.2.Final
2025-01-12T12:32:58.512-05:00  INFO 22956 --- [Catalogo] [main] o.h.c.internal.RegionFactoryInitiator    : HHH000026: Second-level cache disabled
2025-01-12T12:32:59.308-05:00  INFO 22956 --- [Catalogo] [main] o.s.o.j.p.SpringPersistenceUnitInfo      : No LoadTimeWeaver setup: ignoring JPA class transformer
2025-01-12T12:32:59.416-05:00  INFO 22956 --- [Catalogo] [main] com.zaxxer.hikari.HikariDataSource       : HikariPool-1 - Starting...
2025-01-12T12:32:59.735-05:00  INFO 22956 --- [Catalogo] [main] com.zaxxer.hikari.pool.HikariPool        : HikariPool-1 - Added connection org.postgresql.jdbc.PgConnection@11ce9319
2025-01-12T12:32:59.738-05:00  INFO 22956 --- [Catalogo] [main] com.zaxxer.hikari.HikariDataSource       : HikariPool-1 - Start completed.
2025-01-12T12:32:59.805-05:00  WARN 22956 --- [Catalogo] [main] org.hibernate.orm.deprecation            : HHH90000025: PostgreSQLDialect does not need to be specified explicitly using 'hibernate.dialect' (remove the property setting and it will be selected by default)
2025-01-12T12:32:59.845-05:00  INFO 22956 --- [Catalogo] [main] org.hibernate.orm.connections.pooling    : HHH10001005: Database info:
	Database JDBC URL [Connecting through datasource 'HikariDataSource (HikariPool-1)']
	Database driver: undefined/unknown
	Database version: 14.1
	Autocommit mode: undefined/unknown
	Isolation level: undefined/unknown
	Minimum pool size: undefined/unknown
	Maximum pool size: undefined/unknown
2025-01-12T12:33:01.294-05:00  INFO 22956 --- [Catalogo] [main] o.h.e.t.j.p.i.JtaPlatformInitiator       : HHH000489: No JTA platform available (set 'hibernate.transaction.jta.platform' to enable JTA platform integration)
2025-01-12T12:33:01.424-05:00  INFO 22956 --- [Catalogo] [main] j.LocalContainerEntityManagerFactoryBean : Initialized JPA EntityManagerFactory for persistence unit 'default'
2025-01-12T12:33:01.940-05:00  INFO 22956 --- [Catalogo] [main] o.s.d.j.r.query.QueryEnhancerFactory     : Hibernate is in classpath; If applicable, HQL parser will be used.
2025-01-12T12:33:02.792-05:00  WARN 22956 --- [Catalogo] [main] JpaBaseConfiguration$JpaWebConfiguration : spring.jpa.open-in-view is enabled by default. Therefore, database queries may be performed during view rendering. Explicitly configure spring.jpa.open-in-view to disable this warning
2025-01-12T12:33:03.719-05:00  INFO 22956 --- [Catalogo] [main] o.s.b.w.embedded.tomcat.TomcatWebServer  : Tomcat started on port 8095 (http) with context path '/'
2025-01-12T12:33:03.735-05:00  INFO 22956 --- [Catalogo] [main] Catalogo.Catalogo.CatalogoApplication    : Started CatalogoApplication in 10.284 seconds (process running for 11.085)
2025-01-12T12:33:43.466-05:00  INFO 22956 --- [Catalogo] [http-nio-8095-exec-2] o.a.c.c.C.[Tomcat].[localhost].[/]       : Initializing Spring DispatcherServlet 'dispatcherServlet'
2025-01-12T12:33:43.468-05:00  INFO 22956 --- [Catalogo] [http-nio-8095-exec-2] o.s.web.servlet.DispatcherServlet        : Initializing Servlet 'dispatcherServlet'
2025-01-12T12:33:43.471-05:00  INFO 22956 --- [Catalogo] [http-nio-8095-exec-2] o.s.web.servlet.DispatcherServlet        : Completed initialization in 2 ms
2025-01-12T12:33:43.590-05:00  INFO 22956 --- [Catalogo] [http-nio-8095-exec-2] C.C.controller.CatalogoController        : Solicitando listado de tablas
2025-01-12T12:33:43.908-05:00 DEBUG 22956 --- [Catalogo] [http-nio-8095-exec-2] C.C.controller.CatalogoController        : Número de items encontrados: 4
2025-01-12T12:33:52.755-05:00  INFO 22956 --- [Catalogo] [http-nio-8095-exec-1] C.C.controller.CatalogoController        : Solicitando items de tabla 2
2025-01-12T12:33:52.814-05:00 DEBUG 22956 --- [Catalogo] [http-nio-8095-exec-1] C.C.controller.CatalogoController        : Número de items encontrados: 3
2025-01-12T12:33:54.771-05:00  INFO 22956 --- [Catalogo] [http-nio-8095-exec-3] C.C.controller.CatalogoController        : Solicitando items de tabla 3
2025-01-12T12:33:54.788-05:00 DEBUG 22956 --- [Catalogo] [http-nio-8095-exec-3] C.C.controller.CatalogoController        : Número de items encontrados: 2
2025-01-12T12:33:55.903-05:00  INFO 22956 --- [Catalogo] [http-nio-8095-exec-4] C.C.controller.CatalogoController        : Solicitando items de tabla 4
2025-01-12T12:33:55.914-05:00 DEBUG 22956 --- [Catalogo] [http-nio-8095-exec-4] C.C.controller.CatalogoController        : Número de items encontrados: 2
2025-01-12T12:33:56.668-05:00  INFO 22956 --- [Catalogo] [http-nio-8095-exec-6] C.C.controller.CatalogoController        : Solicitando items de tabla 1
2025-01-12T12:33:56.685-05:00 DEBUG 22956 --- [Catalogo] [http-nio-8095-exec-6] C.C.controller.CatalogoController        : Número de items encontrados: 5
2025-01-12T12:34:10.707-05:00 ERROR 22956 --- [Catalogo] [http-nio-8095-exec-7] C.C.controller.CatalogoController        : Item actualizado: 2
2025-01-12T12:34:10.726-05:00  INFO 22956 --- [Catalogo] [http-nio-8095-exec-8] C.C.controller.CatalogoController        : Solicitando listado de tablas
2025-01-12T12:34:10.736-05:00 DEBUG 22956 --- [Catalogo] [http-nio-8095-exec-8] C.C.controller.CatalogoController        : Número de items encontrados: 4
2025-01-12T12:34:12.597-05:00  INFO 22956 --- [Catalogo] [http-nio-8095-exec-9] C.C.controller.CatalogoController        : Solicitando items de tabla 3
2025-01-12T12:34:12.613-05:00 DEBUG 22956 --- [Catalogo] [http-nio-8095-exec-9] C.C.controller.CatalogoController        : Número de items encontrados: 2
2025-01-12T12:34:13.837-05:00  INFO 22956 --- [Catalogo] [http-nio-8095-exec-10] C.C.controller.CatalogoController        : Solicitando items de tabla 4
2025-01-12T12:34:13.854-05:00 DEBUG 22956 --- [Catalogo] [http-nio-8095-exec-10] C.C.controller.CatalogoController        : Número de items encontrados: 2
2025-01-12T12:34:14.787-05:00  INFO 22956 --- [Catalogo] [http-nio-8095-exec-2] C.C.controller.CatalogoController        : Solicitando items de tabla 1
2025-01-12T12:34:14.798-05:00 DEBUG 22956 --- [Catalogo] [http-nio-8095-exec-2] C.C.controller.CatalogoController        : Número de items encontrados: 5
2025-01-12T12:34:17.513-05:00  INFO 22956 --- [Catalogo] [http-nio-8095-exec-1] C.C.controller.CatalogoController        : Solicitando items de tabla 2
2025-01-12T12:34:17.523-05:00 DEBUG 22956 --- [Catalogo] [http-nio-8095-exec-1] C.C.controller.CatalogoController        : Número de items encontrados: 3
2025-01-12T12:34:18.970-05:00  INFO 22956 --- [Catalogo] [http-nio-8095-exec-3] C.C.controller.CatalogoController        : Solicitando items de tabla 1
2025-01-12T12:34:18.984-05:00 DEBUG 22956 --- [Catalogo] [http-nio-8095-exec-3] C.C.controller.CatalogoController        : Número de items encontrados: 5
2025-01-12T12:35:25.848-05:00  INFO 10576 --- [envios] [main] envios.envios.EnviosApplication          : Starting EnviosApplication using Java 17.0.13 with PID 10576 (D:\Taller de desarrollo\Proyecto Grupo 3\Grupo3\envios\target\classes started by userr in D:\Taller de desarrollo\Proyecto Grupo 3\Grupo3)
2025-01-12T12:35:25.853-05:00  INFO 10576 --- [envios] [main] envios.envios.EnviosApplication          : No active profile set, falling back to 1 default profile: "default"
2025-01-12T12:35:27.089-05:00  INFO 10576 --- [envios] [main] .s.d.r.c.RepositoryConfigurationDelegate : Bootstrapping Spring Data JPA repositories in DEFAULT mode.
2025-01-12T12:35:27.226-05:00  INFO 10576 --- [envios] [main] .s.d.r.c.RepositoryConfigurationDelegate : Finished Spring Data repository scanning in 122 ms. Found 5 JPA repository interfaces.
2025-01-12T12:35:28.238-05:00  INFO 10576 --- [envios] [main] o.s.b.w.embedded.tomcat.TomcatWebServer  : Tomcat initialized with port 8098 (http)
2025-01-12T12:35:28.264-05:00  INFO 10576 --- [envios] [main] o.apache.catalina.core.StandardService   : Starting service [Tomcat]
2025-01-12T12:35:28.265-05:00  INFO 10576 --- [envios] [main] o.apache.catalina.core.StandardEngine    : Starting Servlet engine: [Apache Tomcat/10.1.33]
2025-01-12T12:35:28.373-05:00  INFO 10576 --- [envios] [main] o.a.c.c.C.[Tomcat].[localhost].[/]       : Initializing Spring embedded WebApplicationContext
2025-01-12T12:35:28.374-05:00  INFO 10576 --- [envios] [main] w.s.c.ServletWebServerApplicationContext : Root WebApplicationContext: initialization completed in 2399 ms
2025-01-12T12:35:28.656-05:00  INFO 10576 --- [envios] [main] com.zaxxer.hikari.HikariDataSource       : HikariPool-1 - Starting...
2025-01-12T12:35:29.110-05:00  INFO 10576 --- [envios] [main] com.zaxxer.hikari.pool.HikariPool        : HikariPool-1 - Added connection ConnectionID:1 ClientConnectionId: d430caed-5e7c-4bd7-b523-77c5fc63ce7d
2025-01-12T12:35:29.114-05:00  INFO 10576 --- [envios] [main] com.zaxxer.hikari.HikariDataSource       : HikariPool-1 - Start completed.
2025-01-12T12:35:29.205-05:00  INFO 10576 --- [envios] [main] o.hibernate.jpa.internal.util.LogHelper  : HHH000204: Processing PersistenceUnitInfo [name: default]
2025-01-12T12:35:29.300-05:00  INFO 10576 --- [envios] [main] org.hibernate.Version                    : HHH000412: Hibernate ORM core version 6.6.2.Final
2025-01-12T12:35:29.374-05:00  INFO 10576 --- [envios] [main] o.h.c.internal.RegionFactoryInitiator    : HHH000026: Second-level cache disabled
2025-01-12T12:35:29.823-05:00  INFO 10576 --- [envios] [main] o.s.o.j.p.SpringPersistenceUnitInfo      : No LoadTimeWeaver setup: ignoring JPA class transformer
2025-01-12T12:35:29.984-05:00  WARN 10576 --- [envios] [main] org.hibernate.orm.deprecation            : HHH90000025: SQLServerDialect does not need to be specified explicitly using 'hibernate.dialect' (remove the property setting and it will be selected by default)
2025-01-12T12:35:30.032-05:00  INFO 10576 --- [envios] [main] org.hibernate.orm.connections.pooling    : HHH10001005: Database info:
	Database JDBC URL [Connecting through datasource 'HikariDataSource (HikariPool-1)']
	Database driver: undefined/unknown
	Database version: 15.0
	Autocommit mode: undefined/unknown
	Isolation level: undefined/unknown
	Minimum pool size: undefined/unknown
	Maximum pool size: undefined/unknown
2025-01-12T12:35:31.420-05:00  INFO 10576 --- [envios] [main] o.h.e.t.j.p.i.JtaPlatformInitiator       : HHH000489: No JTA platform available (set 'hibernate.transaction.jta.platform' to enable JTA platform integration)
2025-01-12T12:35:31.425-05:00  INFO 10576 --- [envios] [main] j.LocalContainerEntityManagerFactoryBean : Initialized JPA EntityManagerFactory for persistence unit 'default'
2025-01-12T12:35:31.784-05:00  INFO 10576 --- [envios] [main] o.s.d.j.r.query.QueryEnhancerFactory     : Hibernate is in classpath; If applicable, HQL parser will be used.
2025-01-12T12:35:32.410-05:00  WARN 10576 --- [envios] [main] JpaBaseConfiguration$JpaWebConfiguration : spring.jpa.open-in-view is enabled by default. Therefore, database queries may be performed during view rendering. Explicitly configure spring.jpa.open-in-view to disable this warning
2025-01-12T12:35:32.916-05:00  INFO 10576 --- [envios] [main] o.s.b.w.embedded.tomcat.TomcatWebServer  : Tomcat started on port 8098 (http) with context path '/'
2025-01-12T12:35:32.927-05:00  INFO 10576 --- [envios] [main] envios.envios.EnviosApplication          : Started EnviosApplication in 7.876 seconds (process running for 8.444)
2025-01-12T12:35:37.657-05:00  INFO 10576 --- [envios] [http-nio-8098-exec-1] o.a.c.c.C.[Tomcat].[localhost].[/]       : Initializing Spring DispatcherServlet 'dispatcherServlet'
2025-01-12T12:35:37.658-05:00  INFO 10576 --- [envios] [http-nio-8098-exec-1] o.s.web.servlet.DispatcherServlet        : Initializing Servlet 'dispatcherServlet'
2025-01-12T12:35:37.660-05:00  INFO 10576 --- [envios] [http-nio-8098-exec-1] o.s.web.servlet.DispatcherServlet        : Completed initialization in 1 ms
2025-01-12T13:40:44.398-05:00  INFO 22956 --- [Catalogo] [http-nio-8095-exec-6] C.C.controller.CatalogoController        : Solicitando listado de tablas
2025-01-12T13:40:44.427-05:00 DEBUG 22956 --- [Catalogo] [http-nio-8095-exec-6] C.C.controller.CatalogoController        : Número de items encontrados: 4
2025-01-12T13:40:48.618-05:00  INFO 22956 --- [Catalogo] [http-nio-8095-exec-5] C.C.controller.CatalogoController        : Solicitando items de tabla 2
2025-01-12T13:40:48.632-05:00 DEBUG 22956 --- [Catalogo] [http-nio-8095-exec-5] C.C.controller.CatalogoController        : Número de items encontrados: 3
2025-01-12T13:48:33.139-05:00  INFO 22956 --- [Catalogo] [http-nio-8095-exec-8] C.C.controller.CatalogoController        : Solicitando listado de tablas
2025-01-12T13:48:33.150-05:00 DEBUG 22956 --- [Catalogo] [http-nio-8095-exec-8] C.C.controller.CatalogoController        : Número de items encontrados: 4
2025-01-12T13:48:48.082-05:00  INFO 22956 --- [Catalogo] [http-nio-8095-exec-9] C.C.controller.CatalogoController        : Solicitando listado de tablas
2025-01-12T13:48:48.091-05:00 DEBUG 22956 --- [Catalogo] [http-nio-8095-exec-9] C.C.controller.CatalogoController        : Número de items encontrados: 4
2025-01-12T13:52:04.287-05:00  INFO 22956 --- [Catalogo] [http-nio-8095-exec-2] C.C.controller.CatalogoController        : Solicitando listado de tablas
2025-01-12T13:52:04.299-05:00 DEBUG 22956 --- [Catalogo] [http-nio-8095-exec-2] C.C.controller.CatalogoController        : Número de items encontrados: 4
2025-01-12T13:52:10.241-05:00  INFO 22956 --- [Catalogo] [http-nio-8095-exec-1] C.C.controller.CatalogoController        : Solicitando listado de tablas
2025-01-12T13:52:10.253-05:00 DEBUG 22956 --- [Catalogo] [http-nio-8095-exec-1] C.C.controller.CatalogoController        : Número de items encontrados: 4
